Build started 2016/3/8 23:27:43.
     1>Project "C:\Users\NewBe\Desktop\SDL2-2.0.4\MyProjects\PongTexty\PongTexty\PongTexty.vcxproj" on node 2 (Build target(s)).
     1>ClCompile:
         E:\Visual Studio 2012\VC\bin\CL.exe /c /I"C:\Users\NewBe\Desktop\SDL2-2.0.4\include" /ZI /nologo /W3 /WX- /Od /Oy- /D _MBCS /Gm /EHsc /RTC1 /MDd /GS /fp:precise /Zc:wchar_t /Zc:forScope /Fo"Debug\\" /Fd"Debug\vc110.pdb" /Gd /TP /analyze- /errorReport:prompt PongGamePlayScene.cpp
         PongGamePlayScene.cpp
     1>c:\users\newbe\desktop\sdl2-2.0.4\myprojects\pongtexty\pongtexty\ponggameplayscene.cpp(83): warning C4018: '<' : signed/unsigned mismatch
     1>c:\users\newbe\desktop\sdl2-2.0.4\myprojects\pongtexty\pongtexty\ponggameplayscene.cpp(116): warning C4018: '<' : signed/unsigned mismatch
     1>c:\users\newbe\desktop\sdl2-2.0.4\myprojects\pongtexty\pongtexty\ponggameplayscene.cpp(109): warning C4101: 'event1' : unreferenced local variable
       Link:
         E:\Visual Studio 2012\VC\bin\link.exe /ERRORREPORT:PROMPT /OUT:"C:\Users\NewBe\Desktop\SDL2-2.0.4\MyProjects\PongTexty\Debug\PongTexty.exe" /INCREMENTAL /NOLOGO /LIBPATH:"C:\Users\NewBe\Desktop\SDL2-2.0.4\VisualC\Win32\Debug" SDL2_ttf.lib SDL2_image.lib SDL2.lib SDL2main.lib kernel32.lib user32.lib gdi32.lib winspool.lib comdlg32.lib advapi32.lib shell32.lib ole32.lib oleaut32.lib uuid.lib odbc32.lib odbccp32.lib kernel32.lib user32.lib gdi32.lib winspool.lib comdlg32.lib advapi32.lib shell32.lib ole32.lib oleaut32.lib uuid.lib odbc32.lib odbccp32.lib /MANIFEST /MANIFESTUAC:"level='asInvoker' uiAccess='false'" /manifest:embed /DEBUG /PDB:"C:\Users\NewBe\Desktop\SDL2-2.0.4\MyProjects\PongTexty\Debug\PongTexty.pdb" /SUBSYSTEM:CONSOLE /TLBID:1 /DYNAMICBASE /NXCOMPAT /IMPLIB:"C:\Users\NewBe\Desktop\SDL2-2.0.4\MyProjects\PongTexty\Debug\PongTexty.lib" /MACHINE:X86 Debug\Ball.obj
         Debug\blast.obj
         Debug\blood.obj
         Debug\bolt.obj
         Debug\Event.obj
         Debug\EventListener.obj
         Debug\EventQueue.obj
         Debug\flame.obj
         "Debug\Game-main.obj"
         Debug\Game.obj
         Debug\GameObject.obj
         Debug\GE161helpers.obj
         Debug\goal.obj
         Debug\paddle1.obj
         Debug\paddle2.obj
         Debug\Pong.obj
         Debug\PongGamePlayScene.obj
         Debug\PongInstructionsScene.obj
         Debug\Scene.obj
         Debug\smoke.obj
         Debug\Sprite.obj
         Debug\Texty.obj
         Debug\Main.obj
         Debug\Window.obj
         PongTexty.vcxproj -> C:\Users\NewBe\Desktop\SDL2-2.0.4\MyProjects\PongTexty\Debug\PongTexty.exe
     1>Done Building Project "C:\Users\NewBe\Desktop\SDL2-2.0.4\MyProjects\PongTexty\PongTexty\PongTexty.vcxproj" (Build target(s)).

Build succeeded.

Time Elapsed 00:00:02.89
